{
  "stats": {
    "suites": 30,
    "tests": 29,
    "passes": 29,
    "pending": 0,
    "failures": 0,
    "start": "2022-06-07T13:38:49.883Z",
    "end": "2022-06-07T13:38:50.200Z",
    "duration": 317,
    "testsRegistered": 29,
    "passPercent": 100,
    "pendingPercent": 0,
    "other": 0,
    "hasOther": false,
    "skipped": 0,
    "hasSkipped": false
  },
  "results": [
    {
      "uuid": "2db69c36-87e3-412f-a826-2028776bcd1b",
      "title": "",
      "fullFile": "C:\\Users\\user\\Desktop\\softeng\\EzWh\\code\\server\\acceptanceTest\\crud\\test-CRUD-TestResult.js",
      "file": "\\acceptanceTest\\crud\\test-CRUD-TestResult.js",
      "beforeHooks": [],
      "afterHooks": [],
      "tests": [],
      "suites": [
        {
          "uuid": "30ea320a-d66b-4624-98d8-55eded619adc",
          "title": "Test TestResult CRUD",
          "fullFile": "C:\\Users\\user\\Desktop\\softeng\\EzWh\\code\\server\\acceptanceTest\\crud\\test-CRUD-TestResult.js",
          "file": "\\acceptanceTest\\crud\\test-CRUD-TestResult.js",
          "beforeHooks": [],
          "afterHooks": [],
          "tests": [],
          "suites": [
            {
              "uuid": "8b07557a-d002-43cc-93e5-8426e7533685",
              "title": "removing all test descriptors",
              "fullFile": "C:\\Users\\user\\Desktop\\softeng\\EzWh\\code\\server\\acceptanceTest\\crud\\test-CRUD-TestResult.js",
              "file": "\\acceptanceTest\\crud\\test-CRUD-TestResult.js",
              "beforeHooks": [],
              "afterHooks": [],
              "tests": [
                {
                  "title": "Getting test descriptors",
                  "fullTitle": "Test TestResult CRUD removing all test descriptors Getting test descriptors",
                  "timedOut": false,
                  "duration": 19,
                  "state": "passed",
                  "speed": "fast",
                  "pass": true,
                  "fail": false,
                  "pending": false,
                  "context": null,
                  "code": "agent.get('/api/testDescriptors')\n.then(function(res){\n    res.should.have.status(200);\n    if(res.body.length !==0){\n        for (let i=0; i<res.body.length; i++){\n            agent.delete('/api/testDescriptor/'+res.body[i].id)\n            .then(function(res2){\n                res2.should.have.status(204);\n            });\n        }\n    }\n    done();\n}).catch(err=>done(err));",
                  "err": {},
                  "uuid": "366023f1-cdaf-4260-82e1-742b17f8ec6a",
                  "parentUUID": "8b07557a-d002-43cc-93e5-8426e7533685",
                  "isHook": false,
                  "skipped": false
                }
              ],
              "suites": [],
              "passes": [
                "366023f1-cdaf-4260-82e1-742b17f8ec6a"
              ],
              "failures": [],
              "pending": [],
              "skipped": [],
              "duration": 19,
              "root": false,
              "rootEmpty": false,
              "_timeout": 10000
            },
            {
              "uuid": "963793e4-6ff8-4d67-871f-d8b749071a4e",
              "title": "removing all skuitems",
              "fullFile": "C:\\Users\\user\\Desktop\\softeng\\EzWh\\code\\server\\acceptanceTest\\crud\\test-CRUD-TestResult.js",
              "file": "\\acceptanceTest\\crud\\test-CRUD-TestResult.js",
              "beforeHooks": [],
              "afterHooks": [],
              "tests": [
                {
                  "title": "Getting SKUitems",
                  "fullTitle": "Test TestResult CRUD removing all skuitems Getting SKUitems",
                  "timedOut": false,
                  "duration": 6,
                  "state": "passed",
                  "speed": "fast",
                  "pass": true,
                  "fail": false,
                  "pending": false,
                  "context": null,
                  "code": "const res = await agent.get('/api/skuitems');\nconsole.log(res.body);\nres.should.have.status(200);\nif (res.body.length !==0) {\n    let res2;\n    for (let i = 0; i < res.body.length; i++) {\n        res2 = await\n        agent.delete('/api/skuitems/'+res.body[i].RFID);\n        res2.should.have.status(204);\n        console.log(\"Deleted \"+ res.body[i].RFID);\n    }\n}\nconsole.log(\"done!\");",
                  "err": {},
                  "uuid": "b5c7e87c-b84f-4cb5-8eee-b83b5a740a61",
                  "parentUUID": "963793e4-6ff8-4d67-871f-d8b749071a4e",
                  "isHook": false,
                  "skipped": false
                }
              ],
              "suites": [],
              "passes": [
                "b5c7e87c-b84f-4cb5-8eee-b83b5a740a61"
              ],
              "failures": [],
              "pending": [],
              "skipped": [],
              "duration": 6,
              "root": false,
              "rootEmpty": false,
              "_timeout": 10000
            },
            {
              "uuid": "efd8548e-28b6-4789-8043-177655862f7e",
              "title": "removing all skus",
              "fullFile": "C:\\Users\\user\\Desktop\\softeng\\EzWh\\code\\server\\acceptanceTest\\crud\\test-CRUD-TestResult.js",
              "file": "\\acceptanceTest\\crud\\test-CRUD-TestResult.js",
              "beforeHooks": [],
              "afterHooks": [],
              "tests": [
                {
                  "title": "Getting SKUs",
                  "fullTitle": "Test TestResult CRUD removing all skus Getting SKUs",
                  "timedOut": false,
                  "duration": 4,
                  "state": "passed",
                  "speed": "fast",
                  "pass": true,
                  "fail": false,
                  "pending": false,
                  "context": null,
                  "code": "agent.get('/api/skus')\n.then(function (res) {\n    res.should.have.status(200);\n    if (res.body.length !==0) {\n        for (let i = 0; i < res.body.length; i++) {\n            agent.delete('/api/skus/'+res.body[i].id)\n            .then(function (res2) {\n                res2.should.have.status(204);\n            });\n        }\n    } \n    done();\n}).catch(err => done(err));",
                  "err": {},
                  "uuid": "95c3d261-9d4e-4b73-86f9-aaa3cf74c254",
                  "parentUUID": "efd8548e-28b6-4789-8043-177655862f7e",
                  "isHook": false,
                  "skipped": false
                }
              ],
              "suites": [],
              "passes": [
                "95c3d261-9d4e-4b73-86f9-aaa3cf74c254"
              ],
              "failures": [],
              "pending": [],
              "skipped": [],
              "duration": 4,
              "root": false,
              "rootEmpty": false,
              "_timeout": 10000
            },
            {
              "uuid": "bcc3fe1b-afdd-4590-9e1d-0015423ddefb",
              "title": "post /api/sku/",
              "fullFile": "C:\\Users\\user\\Desktop\\softeng\\EzWh\\code\\server\\acceptanceTest\\crud\\test-CRUD-TestResult.js",
              "file": "\\acceptanceTest\\crud\\test-CRUD-TestResult.js",
              "beforeHooks": [],
              "afterHooks": [],
              "tests": [
                {
                  "title": "FR 2.1 a -> Define a new SKU",
                  "fullTitle": "Test TestResult CRUD post /api/sku/ FR 2.1 a -> Define a new SKU",
                  "timedOut": false,
                  "duration": 12,
                  "state": "passed",
                  "speed": "fast",
                  "pass": true,
                  "fail": false,
                  "pending": false,
                  "context": null,
                  "code": "agent.post('/api/sku/')\n.send(thesku)\n.then(function (res) {\n    res.should.have.status(expCode);\n    done();\n}).catch(err=>done(err));",
                  "err": {},
                  "uuid": "19cc15a8-9821-4852-9044-9bac04a45b15",
                  "parentUUID": "bcc3fe1b-afdd-4590-9e1d-0015423ddefb",
                  "isHook": false,
                  "skipped": false
                }
              ],
              "suites": [],
              "passes": [
                "19cc15a8-9821-4852-9044-9bac04a45b15"
              ],
              "failures": [],
              "pending": [],
              "skipped": [],
              "duration": 12,
              "root": false,
              "rootEmpty": false,
              "_timeout": 10000
            },
            {
              "uuid": "c0a19cf0-6aae-40a8-93d0-a7c43119b5f2",
              "title": "post /api/sku/",
              "fullFile": "C:\\Users\\user\\Desktop\\softeng\\EzWh\\code\\server\\acceptanceTest\\crud\\test-CRUD-TestResult.js",
              "file": "\\acceptanceTest\\crud\\test-CRUD-TestResult.js",
              "beforeHooks": [],
              "afterHooks": [],
              "tests": [
                {
                  "title": "FR 2.1 a -> Define a new SKU",
                  "fullTitle": "Test TestResult CRUD post /api/sku/ FR 2.1 a -> Define a new SKU",
                  "timedOut": false,
                  "duration": 5,
                  "state": "passed",
                  "speed": "fast",
                  "pass": true,
                  "fail": false,
                  "pending": false,
                  "context": null,
                  "code": "agent.post('/api/sku/')\n.send(thesku)\n.then(function (res) {\n    res.should.have.status(expCode);\n    done();\n}).catch(err=>done(err));",
                  "err": {},
                  "uuid": "e5ac78c8-48c8-49e1-9fbf-bb85bcda0f51",
                  "parentUUID": "c0a19cf0-6aae-40a8-93d0-a7c43119b5f2",
                  "isHook": false,
                  "skipped": false
                }
              ],
              "suites": [],
              "passes": [
                "e5ac78c8-48c8-49e1-9fbf-bb85bcda0f51"
              ],
              "failures": [],
              "pending": [],
              "skipped": [],
              "duration": 5,
              "root": false,
              "rootEmpty": false,
              "_timeout": 10000
            },
            {
              "uuid": "5b8f918a-c51c-4d7e-bad4-54abcecb4085",
              "title": "get /api/skus",
              "fullFile": "C:\\Users\\user\\Desktop\\softeng\\EzWh\\code\\server\\acceptanceTest\\crud\\test-CRUD-TestResult.js",
              "file": "\\acceptanceTest\\crud\\test-CRUD-TestResult.js",
              "beforeHooks": [],
              "afterHooks": [],
              "tests": [
                {
                  "title": "FR 2.3 -> List all SKUs",
                  "fullTitle": "Test TestResult CRUD get /api/skus FR 2.3 -> List all SKUs",
                  "timedOut": false,
                  "duration": 27,
                  "state": "passed",
                  "speed": "fast",
                  "pass": true,
                  "fail": false,
                  "pending": false,
                  "context": null,
                  "code": "agent.get('/api/skus')\n.then(function (res) {\n    res.should.have.status(expCode);\n    res.body.should.be.a('array');\n    res.body.length.should.be.eql(size);\n    let id = [];\n    if (size > 0) {\n        for (let i = 0; i < size; i++) {\n            id[i] = res.body[i].id;\n            res.body[i].description.should.equal(sku[i].description);\n            res.body[i].weight.should.equal(sku[i].weight);\n            res.body[i].volume.should.equal(sku[i].volume);\n            res.body[i].notes.should.equal(sku[i].notes);\n            res.body[i].availableQuantity.should.equal(sku[i].availableQuantity);\n            res.body[i].price.should.equal(sku[i].price);\n        }\n        ids.setIdSku(id);\n    }             \n    done();\n}).catch(err=>done(err));",
                  "err": {},
                  "uuid": "f71ea823-6a0f-4293-8144-4c04f05f2396",
                  "parentUUID": "5b8f918a-c51c-4d7e-bad4-54abcecb4085",
                  "isHook": false,
                  "skipped": false
                }
              ],
              "suites": [],
              "passes": [
                "f71ea823-6a0f-4293-8144-4c04f05f2396"
              ],
              "failures": [],
              "pending": [],
              "skipped": [],
              "duration": 27,
              "root": false,
              "rootEmpty": false,
              "_timeout": 10000
            },
            {
              "uuid": "2171ad7e-8d92-4ffa-8a5a-5334be3e4ef4",
              "title": "post /api/skuitem/",
              "fullFile": "C:\\Users\\user\\Desktop\\softeng\\EzWh\\code\\server\\acceptanceTest\\crud\\test-CRUD-TestResult.js",
              "file": "\\acceptanceTest\\crud\\test-CRUD-TestResult.js",
              "beforeHooks": [],
              "afterHooks": [],
              "tests": [
                {
                  "title": "Adding skuitem details",
                  "fullTitle": "Test TestResult CRUD post /api/skuitem/ Adding skuitem details",
                  "timedOut": false,
                  "duration": 8,
                  "state": "passed",
                  "speed": "fast",
                  "pass": true,
                  "fail": false,
                  "pending": false,
                  "context": null,
                  "code": "let id = ids.getIdSku();\nlet skuitem;\nif(myskuitem.SKUId > id.length || myskuitem.SKUId === null){\n    skuitem = newSkuItem(myskuitem.RFID, myskuitem.SKUId , myskuitem.DateOfStock); \n}\nelse{\n    skuitem = newSkuItem(myskuitem.RFID, id[myskuitem.SKUId] , myskuitem.DateOfStock);\n}\nagent.post('/api/skuitem/')\n.send(skuitem)\n.then(function (res) {\n    res.should.have.status(expCode);\n    done();\n}).catch(err=>done(err));",
                  "err": {},
                  "uuid": "d7068d58-7974-47ea-923c-a11b75ebfc45",
                  "parentUUID": "2171ad7e-8d92-4ffa-8a5a-5334be3e4ef4",
                  "isHook": false,
                  "skipped": false
                }
              ],
              "suites": [],
              "passes": [
                "d7068d58-7974-47ea-923c-a11b75ebfc45"
              ],
              "failures": [],
              "pending": [],
              "skipped": [],
              "duration": 8,
              "root": false,
              "rootEmpty": false,
              "_timeout": 10000
            },
            {
              "uuid": "9642bbff-ba67-493c-9c4a-ad198dbecb14",
              "title": "post /api/skuitem/",
              "fullFile": "C:\\Users\\user\\Desktop\\softeng\\EzWh\\code\\server\\acceptanceTest\\crud\\test-CRUD-TestResult.js",
              "file": "\\acceptanceTest\\crud\\test-CRUD-TestResult.js",
              "beforeHooks": [],
              "afterHooks": [],
              "tests": [
                {
                  "title": "Adding skuitem details",
                  "fullTitle": "Test TestResult CRUD post /api/skuitem/ Adding skuitem details",
                  "timedOut": false,
                  "duration": 13,
                  "state": "passed",
                  "speed": "fast",
                  "pass": true,
                  "fail": false,
                  "pending": false,
                  "context": null,
                  "code": "let id = ids.getIdSku();\nlet skuitem;\nif(myskuitem.SKUId > id.length || myskuitem.SKUId === null){\n    skuitem = newSkuItem(myskuitem.RFID, myskuitem.SKUId , myskuitem.DateOfStock); \n}\nelse{\n    skuitem = newSkuItem(myskuitem.RFID, id[myskuitem.SKUId] , myskuitem.DateOfStock);\n}\nagent.post('/api/skuitem/')\n.send(skuitem)\n.then(function (res) {\n    res.should.have.status(expCode);\n    done();\n}).catch(err=>done(err));",
                  "err": {},
                  "uuid": "90e6abaa-1cbe-49b6-8bf2-5d07216d959b",
                  "parentUUID": "9642bbff-ba67-493c-9c4a-ad198dbecb14",
                  "isHook": false,
                  "skipped": false
                }
              ],
              "suites": [],
              "passes": [
                "90e6abaa-1cbe-49b6-8bf2-5d07216d959b"
              ],
              "failures": [],
              "pending": [],
              "skipped": [],
              "duration": 13,
              "root": false,
              "rootEmpty": false,
              "_timeout": 10000
            },
            {
              "uuid": "efef56b9-b25e-4260-943e-3dc28d20b077",
              "title": "test adding a test descriptor with post",
              "fullFile": "C:\\Users\\user\\Desktop\\softeng\\EzWh\\code\\server\\acceptanceTest\\crud\\test-CRUD-TestResult.js",
              "file": "\\acceptanceTest\\crud\\test-CRUD-TestResult.js",
              "beforeHooks": [],
              "afterHooks": [],
              "tests": [
                {
                  "title": "Creating a test descriptor",
                  "fullTitle": "Test TestResult CRUD test adding a test descriptor with post Creating a test descriptor",
                  "timedOut": false,
                  "duration": 11,
                  "state": "passed",
                  "speed": "fast",
                  "pass": true,
                  "fail": false,
                  "pending": false,
                  "context": null,
                  "code": "let id = ids.getIdSku();\nlet testdescriptor;\nif(mytd.idSKU > id.length || mytd.idSKU === null){\n    testdescriptor = newTestDescriptor(mytd.name, mytd.procedureDescription, mytd.idSKU);\n} \nelse {\n    testdescriptor = newTestDescriptor(mytd.name, mytd.procedureDescription, id[mytd.idSKU]);\n}\n//console.log(testdescriptor);\nagent.post('/api/testDescriptor')\n.send(testdescriptor)\n.then(res2 => {\n    assert.equal(res2.status, expCode);\n    done();\n}).catch(err=>done(err));",
                  "err": {},
                  "uuid": "1292c32d-b449-42b5-a695-508d8e8b8ea0",
                  "parentUUID": "efef56b9-b25e-4260-943e-3dc28d20b077",
                  "isHook": false,
                  "skipped": false
                }
              ],
              "suites": [],
              "passes": [
                "1292c32d-b449-42b5-a695-508d8e8b8ea0"
              ],
              "failures": [],
              "pending": [],
              "skipped": [],
              "duration": 11,
              "root": false,
              "rootEmpty": false,
              "_timeout": 10000
            },
            {
              "uuid": "57fbe708-5343-407b-90e9-5d5928bd7e4b",
              "title": "get /api/testDescriptors",
              "fullFile": "C:\\Users\\user\\Desktop\\softeng\\EzWh\\code\\server\\acceptanceTest\\crud\\test-CRUD-TestResult.js",
              "file": "\\acceptanceTest\\crud\\test-CRUD-TestResult.js",
              "beforeHooks": [],
              "afterHooks": [],
              "tests": [
                {
                  "title": "Getting All TestDescriptors",
                  "fullTitle": "Test TestResult CRUD get /api/testDescriptors Getting All TestDescriptors",
                  "timedOut": false,
                  "duration": 2,
                  "state": "passed",
                  "speed": "fast",
                  "pass": true,
                  "fail": false,
                  "pending": false,
                  "context": null,
                  "code": "agent.get('/api/testDescriptors')\n.then(function(res){\n    res.should.have.status(expCode);\n    res.body.length.should.be.equal(size);\n    res.body.should.be.a('array');\n    let id = [];\n    let idSKUs = ids.getIdSku();\n    for(let i=0; i<res.body.length; i++){\n        id[i]=res.body[i].id;\n        res.body[i].name.should.equal(mytd[i].name);\n        res.body[i].procedureDescription.should.equal(mytd[i].procedureDescription);\n        res.body[i].idSKU.should.equal(idSKUs[mytd[i].idSKU]);\n    }\n    ids.setIdTestDescriptor(id);\n    done();\n}).catch(err=>done(err));",
                  "err": {},
                  "uuid": "f7c99785-02de-4c03-89e9-89bf318a7e85",
                  "parentUUID": "57fbe708-5343-407b-90e9-5d5928bd7e4b",
                  "isHook": false,
                  "skipped": false
                }
              ],
              "suites": [],
              "passes": [
                "f7c99785-02de-4c03-89e9-89bf318a7e85"
              ],
              "failures": [],
              "pending": [],
              "skipped": [],
              "duration": 2,
              "root": false,
              "rootEmpty": false,
              "_timeout": 10000
            },
            {
              "uuid": "3f5192e5-63fe-4ecd-b415-efbb5e4d80b9",
              "title": " get /api/skuitems/:rfid/testResults",
              "fullFile": "C:\\Users\\user\\Desktop\\softeng\\EzWh\\code\\server\\acceptanceTest\\crud\\test-CRUD-TestResult.js",
              "file": "\\acceptanceTest\\crud\\test-CRUD-TestResult.js",
              "beforeHooks": [],
              "afterHooks": [],
              "tests": [
                {
                  "title": "Get all test results associated to a certain rfid",
                  "fullTitle": "Test TestResult CRUD  get /api/skuitems/:rfid/testResults Get all test results associated to a certain rfid",
                  "timedOut": false,
                  "duration": 5,
                  "state": "passed",
                  "speed": "fast",
                  "pass": true,
                  "fail": false,
                  "pending": false,
                  "context": null,
                  "code": "agent.get('/api/skuitems/'+rfid+'/testResults')\n.then(function(res){\n    let all = [];\n    \n    console.log(\"all tr for rfid\", res.body);\n    res.should.have.status(expCode);\n    res.body.should.be.a('array');\n    for(let i=0; i<res.body.length; i++){\n        all[i] = res.body[i].id;\n    }\n    ids.setIdTRonRFID(all);\n    done();\n}).catch(err=>done(err));",
                  "err": {},
                  "uuid": "a564afb6-45b1-469f-b3a5-15f0420f6e43",
                  "parentUUID": "3f5192e5-63fe-4ecd-b415-efbb5e4d80b9",
                  "isHook": false,
                  "skipped": false
                }
              ],
              "suites": [],
              "passes": [
                "a564afb6-45b1-469f-b3a5-15f0420f6e43"
              ],
              "failures": [],
              "pending": [],
              "skipped": [],
              "duration": 5,
              "root": false,
              "rootEmpty": false,
              "_timeout": 10000
            },
            {
              "uuid": "9f8d8e30-9fca-4fcb-88b5-afddffce5208",
              "title": " get /api/skuitems/:rfid/testResults",
              "fullFile": "C:\\Users\\user\\Desktop\\softeng\\EzWh\\code\\server\\acceptanceTest\\crud\\test-CRUD-TestResult.js",
              "file": "\\acceptanceTest\\crud\\test-CRUD-TestResult.js",
              "beforeHooks": [],
              "afterHooks": [],
              "tests": [
                {
                  "title": "Delete all test results associated to a certain rfid",
                  "fullTitle": "Test TestResult CRUD  get /api/skuitems/:rfid/testResults Delete all test results associated to a certain rfid",
                  "timedOut": false,
                  "duration": 4,
                  "state": "passed",
                  "speed": "fast",
                  "pass": true,
                  "fail": false,
                  "pending": false,
                  "context": null,
                  "code": "agent.get('/api/skuitems/'+rfid+'/testResults')\n.then(function(res){\n    res.should.have.status(expCode);\n    res.body.should.be.a('array');\n    console.log(\"delete all\", res.body);\n    for(let i=0; i<res.body.length; i++){\n        agent.delete('/api/skuitems/'+rfid+'/testResult/'+res.body[i].id)\n        .then(function(res2){\n            res2.should.have.status(204);\n        });\n    }\n    done();\n}).catch(err=>done(err));",
                  "err": {},
                  "uuid": "046adb7d-7aca-45c2-a395-fe2effce9be5",
                  "parentUUID": "9f8d8e30-9fca-4fcb-88b5-afddffce5208",
                  "isHook": false,
                  "skipped": false
                }
              ],
              "suites": [],
              "passes": [
                "046adb7d-7aca-45c2-a395-fe2effce9be5"
              ],
              "failures": [],
              "pending": [],
              "skipped": [],
              "duration": 4,
              "root": false,
              "rootEmpty": false,
              "_timeout": 10000
            },
            {
              "uuid": "a184af14-2549-4ae9-8d73-a498fe4abde7",
              "title": " post /api/skuitems/testResult",
              "fullFile": "C:\\Users\\user\\Desktop\\softeng\\EzWh\\code\\server\\acceptanceTest\\crud\\test-CRUD-TestResult.js",
              "file": "\\acceptanceTest\\crud\\test-CRUD-TestResult.js",
              "beforeHooks": [],
              "afterHooks": [],
              "tests": [
                {
                  "title": "FR 3.2.1 -> Add a quality test",
                  "fullTitle": "Test TestResult CRUD  post /api/skuitems/testResult FR 3.2.1 -> Add a quality test",
                  "timedOut": false,
                  "duration": 11,
                  "state": "passed",
                  "speed": "fast",
                  "pass": true,
                  "fail": false,
                  "pending": false,
                  "context": null,
                  "code": "let idtds = ids.getIdTestDescriptor();\nlet testResult = newTestResult(mytr.rfid, idtds[mytr.idTestDescriptor], mytr.Date, mytr.Result);\n//console.log(testResult);\nagent.post('/api/skuitems/testResult')\n.send(testResult)\n.then(function(res){\n    console.log(res.body);\n    res.should.have.status(expCode);\n    done();\n}).catch(err=>done(err));",
                  "err": {},
                  "uuid": "82162047-7832-4340-bac8-81659440a5fb",
                  "parentUUID": "a184af14-2549-4ae9-8d73-a498fe4abde7",
                  "isHook": false,
                  "skipped": false
                }
              ],
              "suites": [],
              "passes": [
                "82162047-7832-4340-bac8-81659440a5fb"
              ],
              "failures": [],
              "pending": [],
              "skipped": [],
              "duration": 11,
              "root": false,
              "rootEmpty": false,
              "_timeout": 10000
            },
            {
              "uuid": "6fbac3f4-bf31-46fa-8eb7-92b4f16ac2c4",
              "title": " post /api/skuitems/testResult",
              "fullFile": "C:\\Users\\user\\Desktop\\softeng\\EzWh\\code\\server\\acceptanceTest\\crud\\test-CRUD-TestResult.js",
              "file": "\\acceptanceTest\\crud\\test-CRUD-TestResult.js",
              "beforeHooks": [],
              "afterHooks": [],
              "tests": [
                {
                  "title": "Creates a new test Result for a certain sku item defined by RFID",
                  "fullTitle": "Test TestResult CRUD  post /api/skuitems/testResult Creates a new test Result for a certain sku item defined by RFID",
                  "timedOut": false,
                  "duration": 5,
                  "state": "passed",
                  "speed": "fast",
                  "pass": true,
                  "fail": false,
                  "pending": false,
                  "context": null,
                  "code": "agent.get('/api/testDescriptors')\n.then(function(res){\n    testResultid = res.body[0].id;\n    testResult = newTestResult(rfid, testResultid, '2021/12/11', true);\n    agent.post('/api/skuitems/testResult')\n    .send(testResult)\n    .then(function(res2){\n        res2.should.have.status(expCode);\n        done();\n    }).catch(err=>done(err));\n});",
                  "err": {},
                  "uuid": "ed11547b-b6a0-4f09-8a64-3d70bcc9e666",
                  "parentUUID": "6fbac3f4-bf31-46fa-8eb7-92b4f16ac2c4",
                  "isHook": false,
                  "skipped": false
                }
              ],
              "suites": [],
              "passes": [
                "ed11547b-b6a0-4f09-8a64-3d70bcc9e666"
              ],
              "failures": [],
              "pending": [],
              "skipped": [],
              "duration": 5,
              "root": false,
              "rootEmpty": false,
              "_timeout": 10000
            },
            {
              "uuid": "b3a58d89-f5d4-4808-8191-f4a1900f5bd1",
              "title": " post /api/skuitems/testResult",
              "fullFile": "C:\\Users\\user\\Desktop\\softeng\\EzWh\\code\\server\\acceptanceTest\\crud\\test-CRUD-TestResult.js",
              "file": "\\acceptanceTest\\crud\\test-CRUD-TestResult.js",
              "beforeHooks": [],
              "afterHooks": [],
              "tests": [
                {
                  "title": "Creates a new test Result for a certain sku item defined by RFID",
                  "fullTitle": "Test TestResult CRUD  post /api/skuitems/testResult Creates a new test Result for a certain sku item defined by RFID",
                  "timedOut": false,
                  "duration": 3,
                  "state": "passed",
                  "speed": "fast",
                  "pass": true,
                  "fail": false,
                  "pending": false,
                  "context": null,
                  "code": "agent.get('/api/testDescriptors')\n.then(function(res){\n    testResultid = res.body[0].id;\n    testResult = newTestResult(rfid, testResultid, '2021/12/11', true);\n    agent.post('/api/skuitems/testResult')\n    .send(testResult)\n    .then(function(res2){\n        res2.should.have.status(expCode);\n        done();\n    }).catch(err=>done(err));\n});",
                  "err": {},
                  "uuid": "2a4bb638-b1bc-4510-9476-8688cd3ad54b",
                  "parentUUID": "b3a58d89-f5d4-4808-8191-f4a1900f5bd1",
                  "isHook": false,
                  "skipped": false
                }
              ],
              "suites": [],
              "passes": [
                "2a4bb638-b1bc-4510-9476-8688cd3ad54b"
              ],
              "failures": [],
              "pending": [],
              "skipped": [],
              "duration": 3,
              "root": false,
              "rootEmpty": false,
              "_timeout": 10000
            },
            {
              "uuid": "4898e4dd-d53e-4cd8-b772-96dd7df0f2de",
              "title": " get /api/skuitems/:rfid/testResults",
              "fullFile": "C:\\Users\\user\\Desktop\\softeng\\EzWh\\code\\server\\acceptanceTest\\crud\\test-CRUD-TestResult.js",
              "file": "\\acceptanceTest\\crud\\test-CRUD-TestResult.js",
              "beforeHooks": [],
              "afterHooks": [],
              "tests": [
                {
                  "title": "Get all test results associated to a certain rfid",
                  "fullTitle": "Test TestResult CRUD  get /api/skuitems/:rfid/testResults Get all test results associated to a certain rfid",
                  "timedOut": false,
                  "duration": 6,
                  "state": "passed",
                  "speed": "fast",
                  "pass": true,
                  "fail": false,
                  "pending": false,
                  "context": null,
                  "code": "agent.get('/api/skuitems/'+rfid+'/testResults')\n.then(function(res){\n    let all = [];\n    \n    console.log(\"all tr for rfid\", res.body);\n    res.should.have.status(expCode);\n    res.body.should.be.a('array');\n    for(let i=0; i<res.body.length; i++){\n        all[i] = res.body[i].id;\n    }\n    ids.setIdTRonRFID(all);\n    done();\n}).catch(err=>done(err));",
                  "err": {},
                  "uuid": "ac89a75a-2442-48ea-b769-bf88dc8f4af1",
                  "parentUUID": "4898e4dd-d53e-4cd8-b772-96dd7df0f2de",
                  "isHook": false,
                  "skipped": false
                }
              ],
              "suites": [],
              "passes": [
                "ac89a75a-2442-48ea-b769-bf88dc8f4af1"
              ],
              "failures": [],
              "pending": [],
              "skipped": [],
              "duration": 6,
              "root": false,
              "rootEmpty": false,
              "_timeout": 10000
            },
            {
              "uuid": "0e7ea70a-1644-45a1-8b4b-aa2f9cd43954",
              "title": " get /api/skuitems/:rfid/testResults",
              "fullFile": "C:\\Users\\user\\Desktop\\softeng\\EzWh\\code\\server\\acceptanceTest\\crud\\test-CRUD-TestResult.js",
              "file": "\\acceptanceTest\\crud\\test-CRUD-TestResult.js",
              "beforeHooks": [],
              "afterHooks": [],
              "tests": [
                {
                  "title": "Get all test results associated to a certain rfid",
                  "fullTitle": "Test TestResult CRUD  get /api/skuitems/:rfid/testResults Get all test results associated to a certain rfid",
                  "timedOut": false,
                  "duration": 4,
                  "state": "passed",
                  "speed": "fast",
                  "pass": true,
                  "fail": false,
                  "pending": false,
                  "context": null,
                  "code": "agent.get('/api/skuitems/'+rfid+'/testResults')\n.then(function(res){\n    res.should.have.status(expCode);\n    done();\n}).catch(err=>done(err));",
                  "err": {},
                  "uuid": "bf799892-c969-451d-a323-b1775f07488b",
                  "parentUUID": "0e7ea70a-1644-45a1-8b4b-aa2f9cd43954",
                  "isHook": false,
                  "skipped": false
                }
              ],
              "suites": [],
              "passes": [
                "bf799892-c969-451d-a323-b1775f07488b"
              ],
              "failures": [],
              "pending": [],
              "skipped": [],
              "duration": 4,
              "root": false,
              "rootEmpty": false,
              "_timeout": 10000
            },
            {
              "uuid": "93044924-8bac-4266-8f84-28d842aa9ebe",
              "title": " get /api/skuitems/:rfid/testResults",
              "fullFile": "C:\\Users\\user\\Desktop\\softeng\\EzWh\\code\\server\\acceptanceTest\\crud\\test-CRUD-TestResult.js",
              "file": "\\acceptanceTest\\crud\\test-CRUD-TestResult.js",
              "beforeHooks": [],
              "afterHooks": [],
              "tests": [
                {
                  "title": "Get all test results associated to a certain rfid",
                  "fullTitle": "Test TestResult CRUD  get /api/skuitems/:rfid/testResults Get all test results associated to a certain rfid",
                  "timedOut": false,
                  "duration": 3,
                  "state": "passed",
                  "speed": "fast",
                  "pass": true,
                  "fail": false,
                  "pending": false,
                  "context": null,
                  "code": "agent.get('/api/skuitems/'+rfid+'/testResults')\n.then(function(res){\n    res.should.have.status(expCode);\n    done();\n}).catch(err=>done(err));",
                  "err": {},
                  "uuid": "73dcf51b-e05e-45ad-93c0-9e02a174b343",
                  "parentUUID": "93044924-8bac-4266-8f84-28d842aa9ebe",
                  "isHook": false,
                  "skipped": false
                }
              ],
              "suites": [],
              "passes": [
                "73dcf51b-e05e-45ad-93c0-9e02a174b343"
              ],
              "failures": [],
              "pending": [],
              "skipped": [],
              "duration": 3,
              "root": false,
              "rootEmpty": false,
              "_timeout": 10000
            },
            {
              "uuid": "8d0ef95d-c251-4d13-a622-610870a49f4a",
              "title": " get /api/skuitems/:rfid/testResults/:id",
              "fullFile": "C:\\Users\\user\\Desktop\\softeng\\EzWh\\code\\server\\acceptanceTest\\crud\\test-CRUD-TestResult.js",
              "file": "\\acceptanceTest\\crud\\test-CRUD-TestResult.js",
              "beforeHooks": [],
              "afterHooks": [],
              "tests": [
                {
                  "title": "Get a specific test result with the rfid and id",
                  "fullTitle": "Test TestResult CRUD  get /api/skuitems/:rfid/testResults/:id Get a specific test result with the rfid and id",
                  "timedOut": false,
                  "duration": 12,
                  "state": "passed",
                  "speed": "fast",
                  "pass": true,
                  "fail": false,
                  "pending": false,
                  "context": null,
                  "code": "agent.get('/api/skuitems/'+rfid+'/testResults')\n.then(function(res){\n    let trid = res.body[0].id;\n    //console.log(res.body[0]);\n    agent.get('/api/skuitems/'+rfid+'/testResults/'+trid)\n    .then(function(res2){\n        res2.should.have.status(expCode);\n        done();\n    }).catch(err=>done(err));\n});",
                  "err": {},
                  "uuid": "05c0b747-dd73-4236-b164-1042f10d716b",
                  "parentUUID": "8d0ef95d-c251-4d13-a622-610870a49f4a",
                  "isHook": false,
                  "skipped": false
                }
              ],
              "suites": [],
              "passes": [
                "05c0b747-dd73-4236-b164-1042f10d716b"
              ],
              "failures": [],
              "pending": [],
              "skipped": [],
              "duration": 12,
              "root": false,
              "rootEmpty": false,
              "_timeout": 10000
            },
            {
              "uuid": "a1fbb51c-186c-400b-abda-78b02a5257a9",
              "title": " get /api/skuitems/:rfid/testResult/:id",
              "fullFile": "C:\\Users\\user\\Desktop\\softeng\\EzWh\\code\\server\\acceptanceTest\\crud\\test-CRUD-TestResult.js",
              "file": "\\acceptanceTest\\crud\\test-CRUD-TestResult.js",
              "beforeHooks": [],
              "afterHooks": [],
              "tests": [
                {
                  "title": "Get a specific test result with the rfid and id",
                  "fullTitle": "Test TestResult CRUD  get /api/skuitems/:rfid/testResult/:id Get a specific test result with the rfid and id",
                  "timedOut": false,
                  "duration": 11,
                  "state": "passed",
                  "speed": "fast",
                  "pass": true,
                  "fail": false,
                  "pending": false,
                  "context": null,
                  "code": "agent.get('/api/skuitems/'+rfid+'/testResults')\n.then(function(res){\n    let alltdids = ids.getIdTestDescriptor();\n    console.log(alltdids);\n    agent.get('/api/skuitems/'+rfid+'/testResult/'+alltdids[0])\n    .then(function(res2){\n        console.log(res2.body);\n        res2.should.have.status(expCode);\n        done();\n    }).catch(err=>done(err));\n});",
                  "err": {},
                  "uuid": "c617d50d-a115-429d-b73b-0a14abb4e04f",
                  "parentUUID": "a1fbb51c-186c-400b-abda-78b02a5257a9",
                  "isHook": false,
                  "skipped": false
                }
              ],
              "suites": [],
              "passes": [
                "c617d50d-a115-429d-b73b-0a14abb4e04f"
              ],
              "failures": [],
              "pending": [],
              "skipped": [],
              "duration": 11,
              "root": false,
              "rootEmpty": false,
              "_timeout": 10000
            },
            {
              "uuid": "cf1de26a-0a55-4240-9f01-7edc57f92ea6",
              "title": " put /api/skuitems/:rfid/testResult/:id",
              "fullFile": "C:\\Users\\user\\Desktop\\softeng\\EzWh\\code\\server\\acceptanceTest\\crud\\test-CRUD-TestResult.js",
              "file": "\\acceptanceTest\\crud\\test-CRUD-TestResult.js",
              "beforeHooks": [],
              "afterHooks": [],
              "tests": [
                {
                  "title": "FR 3.2.2 -> Modify a quality test",
                  "fullTitle": "Test TestResult CRUD  put /api/skuitems/:rfid/testResult/:id FR 3.2.2 -> Modify a quality test",
                  "timedOut": false,
                  "duration": 16,
                  "state": "passed",
                  "speed": "fast",
                  "pass": true,
                  "fail": false,
                  "pending": false,
                  "context": null,
                  "code": "agent.get('/api/skuitems/'+validrfid+'/testResults')\n.then(function(res){\n    console.log(\"this is it\", res.body);\n    let trid = res.body[0].id;\n    agent.put('/api/skuitems/'+rfid+'/testResult/'+trid)\n    .send({\"newIdTestDescriptor\":res.body[0].idTestDescriptor,\"newDate\":\"2022/01/01\",\"newResult\":false})\n    .then(function(res2){\n        console.log(\"I'm heeeeereeee\", res2.body);\n        res2.should.have.status(expCode);\n        done();\n    }).catch(err=>done(err));\n});",
                  "err": {},
                  "uuid": "d0718278-6ef8-4452-8fc9-bbac69d08f8d",
                  "parentUUID": "cf1de26a-0a55-4240-9f01-7edc57f92ea6",
                  "isHook": false,
                  "skipped": false
                }
              ],
              "suites": [],
              "passes": [
                "d0718278-6ef8-4452-8fc9-bbac69d08f8d"
              ],
              "failures": [],
              "pending": [],
              "skipped": [],
              "duration": 16,
              "root": false,
              "rootEmpty": false,
              "_timeout": 10000
            },
            {
              "uuid": "478d1bcc-9692-4e13-b73e-be517a2e635c",
              "title": " put /api/skuitems/:rfid/testResult/:id",
              "fullFile": "C:\\Users\\user\\Desktop\\softeng\\EzWh\\code\\server\\acceptanceTest\\crud\\test-CRUD-TestResult.js",
              "file": "\\acceptanceTest\\crud\\test-CRUD-TestResult.js",
              "beforeHooks": [],
              "afterHooks": [],
              "tests": [
                {
                  "title": "Modify a test results given its rfid and id and new fields",
                  "fullTitle": "Test TestResult CRUD  put /api/skuitems/:rfid/testResult/:id Modify a test results given its rfid and id and new fields",
                  "timedOut": false,
                  "duration": 10,
                  "state": "passed",
                  "speed": "fast",
                  "pass": true,
                  "fail": false,
                  "pending": false,
                  "context": null,
                  "code": "agent.get('/api/skuitems/'+validrfid+'/testResults')\n.then(function(res){\n    let trid = res.body[0].id;\n    agent.put('/api/skuitems/'+rfid+'/testResult/'+trid)\n    .send({\"newIdTestDescriptor\":res.body[0].idTestDescriptor,\"newDate\":\"2022/01/01\",\"newResult\":false})\n    .then(function(res2){\n        res2.should.have.status(expCode);\n        done();\n    }).catch(err=>done(err));\n});",
                  "err": {},
                  "uuid": "16281cda-9626-4acf-8f5f-10c99b301299",
                  "parentUUID": "478d1bcc-9692-4e13-b73e-be517a2e635c",
                  "isHook": false,
                  "skipped": false
                }
              ],
              "suites": [],
              "passes": [
                "16281cda-9626-4acf-8f5f-10c99b301299"
              ],
              "failures": [],
              "pending": [],
              "skipped": [],
              "duration": 10,
              "root": false,
              "rootEmpty": false,
              "_timeout": 10000
            },
            {
              "uuid": "654a891d-e1c5-4027-9330-3c3053675154",
              "title": " put /api/skuitems/:rfid/testResult/:id",
              "fullFile": "C:\\Users\\user\\Desktop\\softeng\\EzWh\\code\\server\\acceptanceTest\\crud\\test-CRUD-TestResult.js",
              "file": "\\acceptanceTest\\crud\\test-CRUD-TestResult.js",
              "beforeHooks": [],
              "afterHooks": [],
              "tests": [
                {
                  "title": "Modify a test results given its rfid and id and new fields",
                  "fullTitle": "Test TestResult CRUD  put /api/skuitems/:rfid/testResult/:id Modify a test results given its rfid and id and new fields",
                  "timedOut": false,
                  "duration": 9,
                  "state": "passed",
                  "speed": "fast",
                  "pass": true,
                  "fail": false,
                  "pending": false,
                  "context": null,
                  "code": "agent.get('/api/skuitems/'+validrfid+'/testResults')\n.then(function(res){\n    let trid = res.body[0].id;\n    agent.put('/api/skuitems/'+rfid+'/testResult/'+trid)\n    .send({\"newIdTestDescriptor\":res.body[0].idTestDescriptor,\"newDate\":\"2022/01/01\",\"newResult\":false})\n    .then(function(res2){\n        res2.should.have.status(expCode);\n        done();\n    }).catch(err=>done(err));\n});",
                  "err": {},
                  "uuid": "2b2bf150-3a57-422b-9cd0-40a041fddeaf",
                  "parentUUID": "654a891d-e1c5-4027-9330-3c3053675154",
                  "isHook": false,
                  "skipped": false
                }
              ],
              "suites": [],
              "passes": [
                "2b2bf150-3a57-422b-9cd0-40a041fddeaf"
              ],
              "failures": [],
              "pending": [],
              "skipped": [],
              "duration": 9,
              "root": false,
              "rootEmpty": false,
              "_timeout": 10000
            },
            {
              "uuid": "1abba9bf-e6af-4653-a584-259932a81fe3",
              "title": " get /api/skuitems/:rfid/testResults",
              "fullFile": "C:\\Users\\user\\Desktop\\softeng\\EzWh\\code\\server\\acceptanceTest\\crud\\test-CRUD-TestResult.js",
              "file": "\\acceptanceTest\\crud\\test-CRUD-TestResult.js",
              "beforeHooks": [],
              "afterHooks": [],
              "tests": [
                {
                  "title": "Get all test results associated to a certain rfid",
                  "fullTitle": "Test TestResult CRUD  get /api/skuitems/:rfid/testResults Get all test results associated to a certain rfid",
                  "timedOut": false,
                  "duration": 3,
                  "state": "passed",
                  "speed": "fast",
                  "pass": true,
                  "fail": false,
                  "pending": false,
                  "context": null,
                  "code": "agent.get('/api/skuitems/'+rfid+'/testResults')\n.then(function(res){\n    let all = [];\n    \n    console.log(\"all tr for rfid\", res.body);\n    res.should.have.status(expCode);\n    res.body.should.be.a('array');\n    for(let i=0; i<res.body.length; i++){\n        all[i] = res.body[i].id;\n    }\n    ids.setIdTRonRFID(all);\n    done();\n}).catch(err=>done(err));",
                  "err": {},
                  "uuid": "7db8e9a8-a04d-4202-9fd0-bfb6cbf640cb",
                  "parentUUID": "1abba9bf-e6af-4653-a584-259932a81fe3",
                  "isHook": false,
                  "skipped": false
                }
              ],
              "suites": [],
              "passes": [
                "7db8e9a8-a04d-4202-9fd0-bfb6cbf640cb"
              ],
              "failures": [],
              "pending": [],
              "skipped": [],
              "duration": 3,
              "root": false,
              "rootEmpty": false,
              "_timeout": 10000
            },
            {
              "uuid": "a8482e47-5c66-4447-991b-7bef975b4908",
              "title": " delete /api/skuitems/:rfid/testResult/:id",
              "fullFile": "C:\\Users\\user\\Desktop\\softeng\\EzWh\\code\\server\\acceptanceTest\\crud\\test-CRUD-TestResult.js",
              "file": "\\acceptanceTest\\crud\\test-CRUD-TestResult.js",
              "beforeHooks": [],
              "afterHooks": [],
              "tests": [
                {
                  "title": "FR 3.2.3 -> Delete a quality test",
                  "fullTitle": "Test TestResult CRUD  delete /api/skuitems/:rfid/testResult/:id FR 3.2.3 -> Delete a quality test",
                  "timedOut": false,
                  "duration": 8,
                  "state": "passed",
                  "speed": "fast",
                  "pass": true,
                  "fail": false,
                  "pending": false,
                  "context": null,
                  "code": "agent.get('/api/skuitems/'+rfid+'/testResults')\n.then(function(res){\n    let trid = res.body[0].id;\n    //console.log(res.body);\n    agent.delete('/api/skuitems/'+rfid+'/testResult/'+trid)\n    .then(function(res2){\n        res2.should.have.status(expCode);\n        done();\n    }).catch(err=>done(err));\n});",
                  "err": {},
                  "uuid": "f3bf5e04-72d2-4646-b52d-2ea045957d75",
                  "parentUUID": "a8482e47-5c66-4447-991b-7bef975b4908",
                  "isHook": false,
                  "skipped": false
                }
              ],
              "suites": [],
              "passes": [
                "f3bf5e04-72d2-4646-b52d-2ea045957d75"
              ],
              "failures": [],
              "pending": [],
              "skipped": [],
              "duration": 8,
              "root": false,
              "rootEmpty": false,
              "_timeout": 10000
            },
            {
              "uuid": "44a5de0d-337c-4806-9423-8d72ef64b8e5",
              "title": " get /api/skuitems/:rfid/testResults",
              "fullFile": "C:\\Users\\user\\Desktop\\softeng\\EzWh\\code\\server\\acceptanceTest\\crud\\test-CRUD-TestResult.js",
              "file": "\\acceptanceTest\\crud\\test-CRUD-TestResult.js",
              "beforeHooks": [],
              "afterHooks": [],
              "tests": [
                {
                  "title": "Delete all test results associated to a certain rfid",
                  "fullTitle": "Test TestResult CRUD  get /api/skuitems/:rfid/testResults Delete all test results associated to a certain rfid",
                  "timedOut": false,
                  "duration": 17,
                  "state": "passed",
                  "speed": "fast",
                  "pass": true,
                  "fail": false,
                  "pending": false,
                  "context": null,
                  "code": "agent.get('/api/skuitems/'+rfid+'/testResults')\n.then(function(res){\n    res.should.have.status(expCode);\n    res.body.should.be.a('array');\n    console.log(\"delete all\", res.body);\n    for(let i=0; i<res.body.length; i++){\n        agent.delete('/api/skuitems/'+rfid+'/testResult/'+res.body[i].id)\n        .then(function(res2){\n            res2.should.have.status(204);\n        });\n    }\n    done();\n}).catch(err=>done(err));",
                  "err": {},
                  "uuid": "e39c4cfe-420d-460c-8724-2f576b036fc2",
                  "parentUUID": "44a5de0d-337c-4806-9423-8d72ef64b8e5",
                  "isHook": false,
                  "skipped": false
                }
              ],
              "suites": [],
              "passes": [
                "e39c4cfe-420d-460c-8724-2f576b036fc2"
              ],
              "failures": [],
              "pending": [],
              "skipped": [],
              "duration": 17,
              "root": false,
              "rootEmpty": false,
              "_timeout": 10000
            },
            {
              "uuid": "8f6d246b-bb0c-43ed-b0bd-48206b44c6e8",
              "title": "removing all skuitems",
              "fullFile": "C:\\Users\\user\\Desktop\\softeng\\EzWh\\code\\server\\acceptanceTest\\crud\\test-CRUD-TestResult.js",
              "file": "\\acceptanceTest\\crud\\test-CRUD-TestResult.js",
              "beforeHooks": [],
              "afterHooks": [],
              "tests": [
                {
                  "title": "Getting SKUitems",
                  "fullTitle": "Test TestResult CRUD removing all skuitems Getting SKUitems",
                  "timedOut": false,
                  "duration": 16,
                  "state": "passed",
                  "speed": "fast",
                  "pass": true,
                  "fail": false,
                  "pending": false,
                  "context": null,
                  "code": "const res = await agent.get('/api/skuitems');\nconsole.log(res.body);\nres.should.have.status(200);\nif (res.body.length !==0) {\n    let res2;\n    for (let i = 0; i < res.body.length; i++) {\n        res2 = await\n        agent.delete('/api/skuitems/'+res.body[i].RFID);\n        res2.should.have.status(204);\n        console.log(\"Deleted \"+ res.body[i].RFID);\n    }\n}\nconsole.log(\"done!\");",
                  "err": {},
                  "uuid": "622a9b9c-5c44-43d9-9ff1-3f3fb76fdc25",
                  "parentUUID": "8f6d246b-bb0c-43ed-b0bd-48206b44c6e8",
                  "isHook": false,
                  "skipped": false
                }
              ],
              "suites": [],
              "passes": [
                "622a9b9c-5c44-43d9-9ff1-3f3fb76fdc25"
              ],
              "failures": [],
              "pending": [],
              "skipped": [],
              "duration": 16,
              "root": false,
              "rootEmpty": false,
              "_timeout": 10000
            },
            {
              "uuid": "fdc883d8-9527-4c52-8f64-1f305eac41d7",
              "title": "removing all skus",
              "fullFile": "C:\\Users\\user\\Desktop\\softeng\\EzWh\\code\\server\\acceptanceTest\\crud\\test-CRUD-TestResult.js",
              "file": "\\acceptanceTest\\crud\\test-CRUD-TestResult.js",
              "beforeHooks": [],
              "afterHooks": [],
              "tests": [
                {
                  "title": "Getting SKUs",
                  "fullTitle": "Test TestResult CRUD removing all skus Getting SKUs",
                  "timedOut": false,
                  "duration": 2,
                  "state": "passed",
                  "speed": "fast",
                  "pass": true,
                  "fail": false,
                  "pending": false,
                  "context": null,
                  "code": "agent.get('/api/skus')\n.then(function (res) {\n    res.should.have.status(200);\n    if (res.body.length !==0) {\n        for (let i = 0; i < res.body.length; i++) {\n            agent.delete('/api/skus/'+res.body[i].id)\n            .then(function (res2) {\n                res2.should.have.status(204);\n            });\n        }\n    } \n    done();\n}).catch(err => done(err));",
                  "err": {},
                  "uuid": "96d19d77-97b2-45fe-9f9f-4c75f0423d3a",
                  "parentUUID": "fdc883d8-9527-4c52-8f64-1f305eac41d7",
                  "isHook": false,
                  "skipped": false
                }
              ],
              "suites": [],
              "passes": [
                "96d19d77-97b2-45fe-9f9f-4c75f0423d3a"
              ],
              "failures": [],
              "pending": [],
              "skipped": [],
              "duration": 2,
              "root": false,
              "rootEmpty": false,
              "_timeout": 10000
            },
            {
              "uuid": "47df35c6-086f-4a90-bb22-8237b49cf41f",
              "title": "removing all test descriptors",
              "fullFile": "C:\\Users\\user\\Desktop\\softeng\\EzWh\\code\\server\\acceptanceTest\\crud\\test-CRUD-TestResult.js",
              "file": "\\acceptanceTest\\crud\\test-CRUD-TestResult.js",
              "beforeHooks": [],
              "afterHooks": [],
              "tests": [
                {
                  "title": "Getting test descriptors",
                  "fullTitle": "Test TestResult CRUD removing all test descriptors Getting test descriptors",
                  "timedOut": false,
                  "duration": 3,
                  "state": "passed",
                  "speed": "fast",
                  "pass": true,
                  "fail": false,
                  "pending": false,
                  "context": null,
                  "code": "agent.get('/api/testDescriptors')\n.then(function(res){\n    res.should.have.status(200);\n    if(res.body.length !==0){\n        for (let i=0; i<res.body.length; i++){\n            agent.delete('/api/testDescriptor/'+res.body[i].id)\n            .then(function(res2){\n                res2.should.have.status(204);\n            });\n        }\n    }\n    done();\n}).catch(err=>done(err));",
                  "err": {},
                  "uuid": "bd5eeb7e-e332-411f-a557-dad06e58530d",
                  "parentUUID": "47df35c6-086f-4a90-bb22-8237b49cf41f",
                  "isHook": false,
                  "skipped": false
                }
              ],
              "suites": [],
              "passes": [
                "bd5eeb7e-e332-411f-a557-dad06e58530d"
              ],
              "failures": [],
              "pending": [],
              "skipped": [],
              "duration": 3,
              "root": false,
              "rootEmpty": false,
              "_timeout": 10000
            }
          ],
          "passes": [],
          "failures": [],
          "pending": [],
          "skipped": [],
          "duration": 0,
          "root": false,
          "rootEmpty": false,
          "_timeout": 10000
        }
      ],
      "passes": [],
      "failures": [],
      "pending": [],
      "skipped": [],
      "duration": 0,
      "root": true,
      "rootEmpty": true,
      "_timeout": 10000
    }
  ],
  "meta": {
    "mocha": {
      "version": "9.2.2"
    },
    "mochawesome": {
      "options": {
        "quiet": false,
        "reportFilename": "mochawesome",
        "saveHtml": true,
        "saveJson": true,
        "consoleReporter": "spec",
        "useInlineDiffs": false,
        "code": true
      },
      "version": "7.1.3"
    },
    "marge": {
      "options": null,
      "version": "6.2.0"
    }
  }
}